<?xml version="1.0" encoding="UTF-8"?>
<!-- Generated by org.testng.reporters.JUnitReportReporter -->
<testsuite hostname="DESKTOP-BIEA88R" failures="0" tests="1" name="PracticeJavaP.CountOfWord" time="0.012" errors="0" timestamp="2022-10-27T15:30:04 IST" skipped="0">
  <testcase classname="PracticeJavaP.CountOfWord" name="countOfword" time="0.012"/>
  <system-out/>
</testsuite> <!-- PracticeJavaP.CountOfWord -->
