<?xml version="1.0" encoding="UTF-8"?>
<!-- Generated by org.testng.reporters.JUnitReportReporter -->
<testsuite hostname="DESKTOP-BIEA88R" failures="0" tests="1" name="PracticeJavaP.CountVowelAfterRemoveDuplicate" time="0.013" errors="0" timestamp="2022-10-28T12:30:36 IST" skipped="0">
  <testcase classname="PracticeJavaP.CountVowelAfterRemoveDuplicate" name="removeDuplicateVowelinString" time="0.013"/>
  <system-out/>
</testsuite> <!-- PracticeJavaP.CountVowelAfterRemoveDuplicate -->
