<?xml version="1.0" encoding="UTF-8"?>
<!-- Generated by org.testng.reporters.JUnitReportReporter -->
<testsuite hostname="DESKTOP-BIEA88R" failures="0" tests="1" name="PracticeJavaP.OccurenceOfCharactor" time="0.013" errors="0" timestamp="2022-10-27T15:07:13 IST" skipped="0">
  <testcase classname="PracticeJavaP.OccurenceOfCharactor" name="occurenceOfChar" time="0.013"/>
  <system-out/>
</testsuite> <!-- PracticeJavaP.OccurenceOfCharactor -->
