<?xml version="1.0" encoding="UTF-8"?>
<!-- Generated by org.testng.reporters.JUnitReportReporter -->
<testsuite hostname="DESKTOP-BIEA88R" failures="0" tests="1" name="PracticeJavaP.Find3RdMaxNumber" time="0.011" errors="0" timestamp="2022-10-28T16:24:00 IST" skipped="0">
  <testcase classname="PracticeJavaP.Find3RdMaxNumber" name="thirdMaxNumber" time="0.011"/>
  <system-out/>
</testsuite> <!-- PracticeJavaP.Find3RdMaxNumber -->
