<?xml version="1.0" encoding="UTF-8"?>
<!-- Generated by org.testng.reporters.JUnitReportReporter -->
<testsuite hostname="DESKTOP-BIEA88R" failures="0" tests="1" name="PracticeJavaP.RemoveDuplicateVowelInString" time="0.011" errors="0" timestamp="2022-10-27T16:50:44 IST" skipped="0">
  <testcase classname="PracticeJavaP.RemoveDuplicateVowelInString" name="removeDuplicateVowelinString" time="0.011"/>
  <system-out/>
</testsuite> <!-- PracticeJavaP.RemoveDuplicateVowelInString -->
