<?xml version="1.0" encoding="UTF-8"?>
<!-- Generated by org.testng.reporters.JUnitReportReporter -->
<testsuite hostname="DESKTOP-BIEA88R" failures="0" tests="1" name="PracticeJavaP.CountVowelOfString" time="0.010" errors="0" timestamp="2022-10-27T15:42:11 IST" skipped="0">
  <testcase classname="PracticeJavaP.CountVowelOfString" name="countVowelOfString" time="0.010"/>
  <system-out/>
</testsuite> <!-- PracticeJavaP.CountVowelOfString -->
